<?xml version="1.0" encoding="UTF-8"?>
<testsuite xmlns:xsi="http://www.w3.org/2001/XMLSchema-instance" xsi:noNamespaceSchemaLocation="https://maven.apache.org/surefire/maven-surefire-plugin/xsd/surefire-test-report-3.0.xsd" version="3.0" name="TS_Google_JUnit" time="43.489" tests="2" errors="0" skipped="0" failures="2">
  <properties>
[...]
</properties>
  <testcase name="tc_google_search_for_covid" classname="TS_Google_JUnit" time="15.679">
    <failure message="[Fail] - Validated locator: &apos;//*[name()=&apos;svg&apos; and @id=&apos;bLogo&apos;]&apos; does not exist." type="org.opentest4j.AssertionFailedError"><![CDATA[org.opentest4j.AssertionFailedError: [Fail] - Validated locator: '//*[name()='svg' and @id='bLogo']' does not exist.
	at TS_Google_JUnit.tc_google_search_for_covid(TS_Google_JUnit.java:135)
]]></failure>
    <system-out><![CDATA[
&amp#27;[38;5;208m================================================================================&amp#27;[0m
&amp#27;[38;5;208mTest Suite: TS_Google_JUnit - 05/20/2024 04:59:49 PM - Begin&amp#27;[0m
&amp#27;[38;5;208mConfig Version: 1.5 - POM Version: 1.14 - Framework Version: 2.0.17&amp#27;[0m
&amp#27;[38;5;208m--------------------------------------------------------------------------------&amp#27;[0m

&amp#27;[0;90m- - - - - Synchronizing Browser and WebDriver - - - - - Begin
16:59:49.552 [main] DEBUG io.github.bonigarcia.wdm.WebDriverManager -- Using WebDriverManager 5.8.0
16:59:49.771 [main] DEBUG io.github.bonigarcia.wdm.cache.ResolutionCache -- Resolution chrome=124 in cache (valid until 17:04:26 20/05/2024 CAT)
16:59:49.772 [main] DEBUG io.github.bonigarcia.wdm.cache.ResolutionCache -- Resolution chrome124=124.0.6367.207 in cache (valid until 11:00:49 21/05/2024 CAT)
16:59:49.772 [main] INFO io.github.bonigarcia.wdm.WebDriverManager -- Using chromedriver 124.0.6367.207 (resolved driver for Chrome 124)
16:59:49.787 [main] DEBUG io.github.bonigarcia.wdm.WebDriverManager -- Driver chromedriver 124.0.6367.207 found in cache
16:59:49.787 [main] INFO io.github.bonigarcia.wdm.WebDriverManager -- Exporting webdriver.chrome.driver as /Users/niyomubyeyialine/.cache/selenium/chromedriver/mac-arm64/124.0.6367.207/chromedriver
&amp#27;[0;90m- - - - - Synchronizing Browser and WebDriver - - - - - End&amp#27;[0m

&amp#27;[0;34m - - - - Test Case: TC - Google - Search for Covid-19 - 05/20/2024 04:59:54 PM - Begin - - -&amp#27;[0m
&amp#27;[0;32m[Pass] - Navigated to URL: 'https://www.google.com'.&amp#27;[0m
&amp#27;[0;31m[Fail] - Validated locator: '//*[name()='svg' and @id='bLogo']' does not exist.&amp#27;[0m
&amp#27;[38;5;94m[Screenshot] - Fail_1716217209971.png&amp#27;[0m
&amp#27;[0;34m - - - - Test Case: TC - Google - Search for Covid-19 - 05/20/2024 05:00:10 PM - End - - - -&amp#27;[0m
]]></system-out>
    <system-err><![CDATA[May 20, 2024 4:59:55 PM org.openqa.selenium.devtools.CdpVersionFinder findNearestMatch
WARNING: Unable to find an exact match for CDP version 124, returning the closest version; found: 123; Please update to a Selenium version that supports CDP version 124
]]></system-err>
  </testcase>
  <testcase name="tc_bing_search_for_netflix" classname="TS_Google_JUnit" time="17.45">
    <failure message="[Fail] - Tried to enter text into locator: &apos;//textarea[@name=&apos;q&apos;]&apos; but locator not found. Check if locator changed or missing?" type="org.opentest4j.AssertionFailedError"><![CDATA[org.opentest4j.AssertionFailedError: [Fail] - Tried to enter text into locator: '//textarea[@name='q']' but locator not found. Check if locator changed or missing?
	at TS_Google_JUnit.tc_bing_search_for_netflix(TS_Google_JUnit.java:121)
]]></failure>
    <system-out><![CDATA[
&amp#27;[0;34m - - - - Test Case: TC - Bing - Search for Netflix - 05/20/2024 05:00:15 PM - Begin - - -&amp#27;[0m
&amp#27;[0;32m[Pass] - Navigated to URL: 'https://www.bing.com/'.&amp#27;[0m
&amp#27;[0;32m[Pass] - Validated locator: '//*[name()='svg' and @id='bLogo']' exists.&amp#27;[0m
&amp#27;[0;31m[Fail] - Tried to enter text into locator: '//textarea[@name='q']' but locator not found. Check if locator changed or missing?&amp#27;[0m
&amp#27;[38;5;94m[Screenshot] - Fail_1716217232014.png&amp#27;[0m
&amp#27;[0;34m - - - - Test Case: TC - Bing - Search for Netflix - 05/20/2024 05:00:32 PM - End - - - -&amp#27;[0m
]]></system-out>
    <system-err><![CDATA[May 20, 2024 5:00:16 PM org.openqa.selenium.devtools.CdpVersionFinder findNearestMatch
WARNING: Unable to find an exact match for CDP version 124, returning the closest version; found: 123; Please update to a Selenium version that supports CDP version 124
]]></system-err>
  </testcase>
</testsuite>